语法

    0 $accept: Program $end

    1 Program: ExtDefList

    2 ExtDefList: ExtDef ExtDefList
    3           | %empty

    4 ExtDef: Specifier ExtDecList SEMI
    5       | Specifier SEMI
    6       | Specifier FunDec CompSt
    7       | Specifier FunDec SEMI
    8       | error SEMI
    9       | Specifier error

   10 ExtDecList: VarDec
   11           | VarDec COMMA ExtDecList

   12 Specifier: TYPE
   13          | StructSpecifier

   14 StructSpecifier: STRUCT OptTag LC DefList RC
   15                | STRUCT Tag

   16 OptTag: ID
   17       | %empty

   18 Tag: ID

   19 VarDec: ID
   20       | VarDec LB INT RB

   21 FunDec: ID LP VarList RP
   22       | ID LP RP

   23 VarList: ParamDec COMMA VarList
   24        | ParamDec

   25 ParamDec: Specifier VarDec

   26 CompSt: LC DefList StmtList RC
   27       | error RC

   28 StmtList: Stmt StmtList
   29         | %empty

   30 Stmt: Exp SEMI
   31     | CompSt
   32     | RETURN Exp SEMI
   33     | IF LP Exp RP Stmt
   34     | IF LP Exp RP Stmt ELSE Stmt
   35     | WHILE LP Exp RP Stmt
   36     | error SEMI

   37 DefList: Def DefList
   38        | %empty

   39 Def: Specifier DecList SEMI
   40    | Specifier error SEMI

   41 DecList: Dec
   42        | Dec COMMA DecList
   43        | Dec error

   44 Dec: VarDec
   45    | VarDec ASSIGNOP Exp
   46    | VarDec ASSIGNOP error

   47 Exp: Exp ASSIGNOP Exp
   48    | Exp AND Exp
   49    | Exp OR Exp
   50    | Exp RELOP Exp
   51    | Exp PLUS Exp
   52    | Exp MINUS Exp
   53    | Exp STAR Exp
   54    | Exp DIV Exp
   55    | LP Exp RP
   56    | MINUS Exp
   57    | NOT Exp
   58    | ID LP Args RP
   59    | ID LP RP
   60    | Exp LB Exp RB
   61    | Exp DOT ID
   62    | ID
   63    | INT
   64    | FLOAT
   65    | error RP

   66 Args: Exp COMMA Args
   67     | Exp


终结语词，附有它们出现处的规则

    $end (0) 0
    error (256) 8 9 27 36 40 43 46 65
    COMMA <node> (258) 11 23 42 66
    ASSIGNOP <node> (259) 45 46 47
    RELOP <node> (260) 50
    PLUS <node> (261) 51
    MINUS <node> (262) 52 56
    STAR <node> (263) 53
    DIV <node> (264) 54
    AND <node> (265) 48
    OR <node> (266) 49
    DOT <node> (267) 61
    NOT <node> (268) 57
    TYPE <node> (269) 12
    LP <node> (270) 21 22 33 34 35 55 58 59
    RP <node> (271) 21 22 33 34 35 55 58 59 65
    LB <node> (272) 20 60
    RB <node> (273) 20 60
    LC <node> (274) 14 26
    RC <node> (275) 14 26 27
    STRUCT <node> (276) 14 15
    RETURN <node> (277) 32
    IF <node> (278) 33 34
    ELSE <node> (279) 34
    WHILE <node> (280) 35
    INT <node> (281) 20 63
    FLOAT <node> (282) 64
    SEMI <node> (283) 4 5 7 8 30 32 36 39 40
    ID <node> (284) 16 18 19 21 22 58 59 61 62
    LOWER_THAN_ELSE (285)


非终结语词，附有它们出现处的规则

    $accept (31)
        on left: 0
    Program <node> (32)
        on left: 1
        on right: 0
    ExtDefList <node> (33)
        on left: 2 3
        on right: 1 2
    ExtDef <node> (34)
        on left: 4 5 6 7 8 9
        on right: 2
    ExtDecList <node> (35)
        on left: 10 11
        on right: 4 11
    Specifier <node> (36)
        on left: 12 13
        on right: 4 5 6 7 9 25 39 40
    StructSpecifier <node> (37)
        on left: 14 15
        on right: 13
    OptTag <node> (38)
        on left: 16 17
        on right: 14
    Tag <node> (39)
        on left: 18
        on right: 15
    VarDec <node> (40)
        on left: 19 20
        on right: 10 11 20 25 44 45 46
    FunDec <node> (41)
        on left: 21 22
        on right: 6 7
    VarList <node> (42)
        on left: 23 24
        on right: 21 23
    ParamDec <node> (43)
        on left: 25
        on right: 23 24
    CompSt <node> (44)
        on left: 26 27
        on right: 6 31
    StmtList <node> (45)
        on left: 28 29
        on right: 26 28
    Stmt <node> (46)
        on left: 30 31 32 33 34 35 36
        on right: 28 33 34 35
    DefList <node> (47)
        on left: 37 38
        on right: 14 26 37
    Def <node> (48)
        on left: 39 40
        on right: 37
    DecList <node> (49)
        on left: 41 42 43
        on right: 39 42
    Dec <node> (50)
        on left: 44 45 46
        on right: 41 42 43
    Exp <node> (51)
        on left: 47 48 49 50 51 52 53 54 55 56 57 58 59 60 61 62 63 64 65
        on right: 30 32 33 34 35 45 47 48 49 50 51 52 53 54 55 56 57 60 61 66 67
    Args <node> (52)
        on left: 66 67
        on right: 58 66


状态 0

    0 $accept: . Program $end

    error   偏移，并进入状态 1
    TYPE    偏移，并进入状态 2
    STRUCT  偏移，并进入状态 3

    $end  使用规则 3 以归约 (ExtDefList)

    Program          转到状态 4
    ExtDefList       转到状态 5
    ExtDef           转到状态 6
    Specifier        转到状态 7
    StructSpecifier  转到状态 8


状态 1

    8 ExtDef: error . SEMI

    SEMI  偏移，并进入状态 9


状态 2

   12 Specifier: TYPE .

    $default  使用规则 12 以归约 (Specifier)


状态 3

   14 StructSpecifier: STRUCT . OptTag LC DefList RC
   15                | STRUCT . Tag

    ID  偏移，并进入状态 10

    $default  使用规则 17 以归约 (OptTag)

    OptTag  转到状态 11
    Tag     转到状态 12


状态 4

    0 $accept: Program . $end

    $end  偏移，并进入状态 13


状态 5

    1 Program: ExtDefList .

    $default  使用规则 1 以归约 (Program)


状态 6

    2 ExtDefList: ExtDef . ExtDefList

    error   偏移，并进入状态 1
    TYPE    偏移，并进入状态 2
    STRUCT  偏移，并进入状态 3

    $end  使用规则 3 以归约 (ExtDefList)

    ExtDefList       转到状态 14
    ExtDef           转到状态 6
    Specifier        转到状态 7
    StructSpecifier  转到状态 8


状态 7

    4 ExtDef: Specifier . ExtDecList SEMI
    5       | Specifier . SEMI
    6       | Specifier . FunDec CompSt
    7       | Specifier . FunDec SEMI
    9       | Specifier . error

    error  偏移，并进入状态 15
    SEMI   偏移，并进入状态 16
    ID     偏移，并进入状态 17

    ExtDecList  转到状态 18
    VarDec      转到状态 19
    FunDec      转到状态 20


状态 8

   13 Specifier: StructSpecifier .

    $default  使用规则 13 以归约 (Specifier)


状态 9

    8 ExtDef: error SEMI .

    $default  使用规则 8 以归约 (ExtDef)


状态 10

   16 OptTag: ID .
   18 Tag: ID .

    LC        使用规则 16 以归约 (OptTag)
    $default  使用规则 18 以归约 (Tag)


状态 11

   14 StructSpecifier: STRUCT OptTag . LC DefList RC

    LC  偏移，并进入状态 21


状态 12

   15 StructSpecifier: STRUCT Tag .

    $default  使用规则 15 以归约 (StructSpecifier)


状态 13

    0 $accept: Program $end .

    $default  接受


状态 14

    2 ExtDefList: ExtDef ExtDefList .

    $default  使用规则 2 以归约 (ExtDefList)


状态 15

    9 ExtDef: Specifier error .

    $default  使用规则 9 以归约 (ExtDef)


状态 16

    5 ExtDef: Specifier SEMI .

    $default  使用规则 5 以归约 (ExtDef)


状态 17

   19 VarDec: ID .
   21 FunDec: ID . LP VarList RP
   22       | ID . LP RP

    LP  偏移，并进入状态 22

    $default  使用规则 19 以归约 (VarDec)


状态 18

    4 ExtDef: Specifier ExtDecList . SEMI

    SEMI  偏移，并进入状态 23


状态 19

   10 ExtDecList: VarDec .
   11           | VarDec . COMMA ExtDecList
   20 VarDec: VarDec . LB INT RB

    COMMA  偏移，并进入状态 24
    LB     偏移，并进入状态 25

    $default  使用规则 10 以归约 (ExtDecList)


状态 20

    6 ExtDef: Specifier FunDec . CompSt
    7       | Specifier FunDec . SEMI

    error  偏移，并进入状态 26
    LC     偏移，并进入状态 27
    SEMI   偏移，并进入状态 28

    CompSt  转到状态 29


状态 21

   14 StructSpecifier: STRUCT OptTag LC . DefList RC

    TYPE    偏移，并进入状态 2
    STRUCT  偏移，并进入状态 3

    $default  使用规则 38 以归约 (DefList)

    Specifier        转到状态 30
    StructSpecifier  转到状态 8
    DefList          转到状态 31
    Def              转到状态 32


状态 22

   21 FunDec: ID LP . VarList RP
   22       | ID LP . RP

    TYPE    偏移，并进入状态 2
    RP      偏移，并进入状态 33
    STRUCT  偏移，并进入状态 3

    Specifier        转到状态 34
    StructSpecifier  转到状态 8
    VarList          转到状态 35
    ParamDec         转到状态 36


状态 23

    4 ExtDef: Specifier ExtDecList SEMI .

    $default  使用规则 4 以归约 (ExtDef)


状态 24

   11 ExtDecList: VarDec COMMA . ExtDecList

    ID  偏移，并进入状态 37

    ExtDecList  转到状态 38
    VarDec      转到状态 19


状态 25

   20 VarDec: VarDec LB . INT RB

    INT  偏移，并进入状态 39


状态 26

   27 CompSt: error . RC

    RC  偏移，并进入状态 40


状态 27

   26 CompSt: LC . DefList StmtList RC

    TYPE    偏移，并进入状态 2
    STRUCT  偏移，并进入状态 3

    $default  使用规则 38 以归约 (DefList)

    Specifier        转到状态 30
    StructSpecifier  转到状态 8
    DefList          转到状态 41
    Def              转到状态 32


状态 28

    7 ExtDef: Specifier FunDec SEMI .

    $default  使用规则 7 以归约 (ExtDef)


状态 29

    6 ExtDef: Specifier FunDec CompSt .

    $default  使用规则 6 以归约 (ExtDef)


状态 30

   39 Def: Specifier . DecList SEMI
   40    | Specifier . error SEMI

    error  偏移，并进入状态 42
    ID     偏移，并进入状态 37

    VarDec   转到状态 43
    DecList  转到状态 44
    Dec      转到状态 45


状态 31

   14 StructSpecifier: STRUCT OptTag LC DefList . RC

    RC  偏移，并进入状态 46


状态 32

   37 DefList: Def . DefList

    TYPE    偏移，并进入状态 2
    STRUCT  偏移，并进入状态 3

    $default  使用规则 38 以归约 (DefList)

    Specifier        转到状态 30
    StructSpecifier  转到状态 8
    DefList          转到状态 47
    Def              转到状态 32


状态 33

   22 FunDec: ID LP RP .

    $default  使用规则 22 以归约 (FunDec)


状态 34

   25 ParamDec: Specifier . VarDec

    ID  偏移，并进入状态 37

    VarDec  转到状态 48


状态 35

   21 FunDec: ID LP VarList . RP

    RP  偏移，并进入状态 49


状态 36

   23 VarList: ParamDec . COMMA VarList
   24        | ParamDec .

    COMMA  偏移，并进入状态 50

    $default  使用规则 24 以归约 (VarList)


状态 37

   19 VarDec: ID .

    $default  使用规则 19 以归约 (VarDec)


状态 38

   11 ExtDecList: VarDec COMMA ExtDecList .

    $default  使用规则 11 以归约 (ExtDecList)


状态 39

   20 VarDec: VarDec LB INT . RB

    RB  偏移，并进入状态 51


状态 40

   27 CompSt: error RC .

    $default  使用规则 27 以归约 (CompSt)


状态 41

   26 CompSt: LC DefList . StmtList RC

    error   偏移，并进入状态 52
    MINUS   偏移，并进入状态 53
    NOT     偏移，并进入状态 54
    LP      偏移，并进入状态 55
    LC      偏移，并进入状态 27
    RETURN  偏移，并进入状态 56
    IF      偏移，并进入状态 57
    WHILE   偏移，并进入状态 58
    INT     偏移，并进入状态 59
    FLOAT   偏移，并进入状态 60
    ID      偏移，并进入状态 61

    RC  使用规则 29 以归约 (StmtList)

    CompSt    转到状态 62
    StmtList  转到状态 63
    Stmt      转到状态 64
    Exp       转到状态 65


状态 42

   40 Def: Specifier error . SEMI

    SEMI  偏移，并进入状态 66


状态 43

   20 VarDec: VarDec . LB INT RB
   44 Dec: VarDec .
   45    | VarDec . ASSIGNOP Exp
   46    | VarDec . ASSIGNOP error

    ASSIGNOP  偏移，并进入状态 67
    LB        偏移，并进入状态 25

    $default  使用规则 44 以归约 (Dec)


状态 44

   39 Def: Specifier DecList . SEMI

    SEMI  偏移，并进入状态 68


状态 45

   41 DecList: Dec .
   42        | Dec . COMMA DecList
   43        | Dec . error

    error  偏移，并进入状态 69
    COMMA  偏移，并进入状态 70

    SEMI  使用规则 41 以归约 (DecList)


状态 46

   14 StructSpecifier: STRUCT OptTag LC DefList RC .

    $default  使用规则 14 以归约 (StructSpecifier)


状态 47

   37 DefList: Def DefList .

    $default  使用规则 37 以归约 (DefList)


状态 48

   20 VarDec: VarDec . LB INT RB
   25 ParamDec: Specifier VarDec .

    LB  偏移，并进入状态 25

    $default  使用规则 25 以归约 (ParamDec)


状态 49

   21 FunDec: ID LP VarList RP .

    $default  使用规则 21 以归约 (FunDec)


状态 50

   23 VarList: ParamDec COMMA . VarList

    TYPE    偏移，并进入状态 2
    STRUCT  偏移，并进入状态 3

    Specifier        转到状态 34
    StructSpecifier  转到状态 8
    VarList          转到状态 71
    ParamDec         转到状态 36


状态 51

   20 VarDec: VarDec LB INT RB .

    $default  使用规则 20 以归约 (VarDec)


状态 52

   27 CompSt: error . RC
   36 Stmt: error . SEMI
   65 Exp: error . RP

    RP    偏移，并进入状态 72
    RC    偏移，并进入状态 40
    SEMI  偏移，并进入状态 73


状态 53

   56 Exp: MINUS . Exp

    error  偏移，并进入状态 74
    MINUS  偏移，并进入状态 53
    NOT    偏移，并进入状态 54
    LP     偏移，并进入状态 55
    INT    偏移，并进入状态 59
    FLOAT  偏移，并进入状态 60
    ID     偏移，并进入状态 61

    Exp  转到状态 75


状态 54

   57 Exp: NOT . Exp

    error  偏移，并进入状态 74
    MINUS  偏移，并进入状态 53
    NOT    偏移，并进入状态 54
    LP     偏移，并进入状态 55
    INT    偏移，并进入状态 59
    FLOAT  偏移，并进入状态 60
    ID     偏移，并进入状态 61

    Exp  转到状态 76


状态 55

   55 Exp: LP . Exp RP

    error  偏移，并进入状态 74
    MINUS  偏移，并进入状态 53
    NOT    偏移，并进入状态 54
    LP     偏移，并进入状态 55
    INT    偏移，并进入状态 59
    FLOAT  偏移，并进入状态 60
    ID     偏移，并进入状态 61

    Exp  转到状态 77


状态 56

   32 Stmt: RETURN . Exp SEMI

    error  偏移，并进入状态 74
    MINUS  偏移，并进入状态 53
    NOT    偏移，并进入状态 54
    LP     偏移，并进入状态 55
    INT    偏移，并进入状态 59
    FLOAT  偏移，并进入状态 60
    ID     偏移，并进入状态 61

    Exp  转到状态 78


状态 57

   33 Stmt: IF . LP Exp RP Stmt
   34     | IF . LP Exp RP Stmt ELSE Stmt

    LP  偏移，并进入状态 79


状态 58

   35 Stmt: WHILE . LP Exp RP Stmt

    LP  偏移，并进入状态 80


状态 59

   63 Exp: INT .

    $default  使用规则 63 以归约 (Exp)


状态 60

   64 Exp: FLOAT .

    $default  使用规则 64 以归约 (Exp)


状态 61

   58 Exp: ID . LP Args RP
   59    | ID . LP RP
   62    | ID .

    LP  偏移，并进入状态 81

    $default  使用规则 62 以归约 (Exp)


状态 62

   31 Stmt: CompSt .

    $default  使用规则 31 以归约 (Stmt)


状态 63

   26 CompSt: LC DefList StmtList . RC

    RC  偏移，并进入状态 82


状态 64

   28 StmtList: Stmt . StmtList

    error   偏移，并进入状态 52
    MINUS   偏移，并进入状态 53
    NOT     偏移，并进入状态 54
    LP      偏移，并进入状态 55
    LC      偏移，并进入状态 27
    RETURN  偏移，并进入状态 56
    IF      偏移，并进入状态 57
    WHILE   偏移，并进入状态 58
    INT     偏移，并进入状态 59
    FLOAT   偏移，并进入状态 60
    ID      偏移，并进入状态 61

    RC  使用规则 29 以归约 (StmtList)

    CompSt    转到状态 62
    StmtList  转到状态 83
    Stmt      转到状态 64
    Exp       转到状态 65


状态 65

   30 Stmt: Exp . SEMI
   47 Exp: Exp . ASSIGNOP Exp
   48    | Exp . AND Exp
   49    | Exp . OR Exp
   50    | Exp . RELOP Exp
   51    | Exp . PLUS Exp
   52    | Exp . MINUS Exp
   53    | Exp . STAR Exp
   54    | Exp . DIV Exp
   60    | Exp . LB Exp RB
   61    | Exp . DOT ID

    ASSIGNOP  偏移，并进入状态 84
    RELOP     偏移，并进入状态 85
    PLUS      偏移，并进入状态 86
    MINUS     偏移，并进入状态 87
    STAR      偏移，并进入状态 88
    DIV       偏移，并进入状态 89
    AND       偏移，并进入状态 90
    OR        偏移，并进入状态 91
    DOT       偏移，并进入状态 92
    LB        偏移，并进入状态 93
    SEMI      偏移，并进入状态 94


状态 66

   40 Def: Specifier error SEMI .

    $default  使用规则 40 以归约 (Def)


状态 67

   45 Dec: VarDec ASSIGNOP . Exp
   46    | VarDec ASSIGNOP . error

    error  偏移，并进入状态 95
    MINUS  偏移，并进入状态 53
    NOT    偏移，并进入状态 54
    LP     偏移，并进入状态 55
    INT    偏移，并进入状态 59
    FLOAT  偏移，并进入状态 60
    ID     偏移，并进入状态 61

    Exp  转到状态 96


状态 68

   39 Def: Specifier DecList SEMI .

    $default  使用规则 39 以归约 (Def)


状态 69

   43 DecList: Dec error .

    $default  使用规则 43 以归约 (DecList)


状态 70

   42 DecList: Dec COMMA . DecList

    ID  偏移，并进入状态 37

    VarDec   转到状态 43
    DecList  转到状态 97
    Dec      转到状态 45


状态 71

   23 VarList: ParamDec COMMA VarList .

    $default  使用规则 23 以归约 (VarList)


状态 72

   65 Exp: error RP .

    $default  使用规则 65 以归约 (Exp)


状态 73

   36 Stmt: error SEMI .

    $default  使用规则 36 以归约 (Stmt)


状态 74

   65 Exp: error . RP

    RP  偏移，并进入状态 72


状态 75

   47 Exp: Exp . ASSIGNOP Exp
   48    | Exp . AND Exp
   49    | Exp . OR Exp
   50    | Exp . RELOP Exp
   51    | Exp . PLUS Exp
   52    | Exp . MINUS Exp
   53    | Exp . STAR Exp
   54    | Exp . DIV Exp
   56    | MINUS Exp .
   60    | Exp . LB Exp RB
   61    | Exp . DOT ID

    STAR  偏移，并进入状态 88
    DIV   偏移，并进入状态 89
    DOT   偏移，并进入状态 92
    LB    偏移，并进入状态 93

    $default  使用规则 56 以归约 (Exp)


状态 76

   47 Exp: Exp . ASSIGNOP Exp
   48    | Exp . AND Exp
   49    | Exp . OR Exp
   50    | Exp . RELOP Exp
   51    | Exp . PLUS Exp
   52    | Exp . MINUS Exp
   53    | Exp . STAR Exp
   54    | Exp . DIV Exp
   57    | NOT Exp .
   60    | Exp . LB Exp RB
   61    | Exp . DOT ID

    DOT  偏移，并进入状态 92
    LB   偏移，并进入状态 93

    $default  使用规则 57 以归约 (Exp)


状态 77

   47 Exp: Exp . ASSIGNOP Exp
   48    | Exp . AND Exp
   49    | Exp . OR Exp
   50    | Exp . RELOP Exp
   51    | Exp . PLUS Exp
   52    | Exp . MINUS Exp
   53    | Exp . STAR Exp
   54    | Exp . DIV Exp
   55    | LP Exp . RP
   60    | Exp . LB Exp RB
   61    | Exp . DOT ID

    ASSIGNOP  偏移，并进入状态 84
    RELOP     偏移，并进入状态 85
    PLUS      偏移，并进入状态 86
    MINUS     偏移，并进入状态 87
    STAR      偏移，并进入状态 88
    DIV       偏移，并进入状态 89
    AND       偏移，并进入状态 90
    OR        偏移，并进入状态 91
    DOT       偏移，并进入状态 92
    RP        偏移，并进入状态 98
    LB        偏移，并进入状态 93


状态 78

   32 Stmt: RETURN Exp . SEMI
   47 Exp: Exp . ASSIGNOP Exp
   48    | Exp . AND Exp
   49    | Exp . OR Exp
   50    | Exp . RELOP Exp
   51    | Exp . PLUS Exp
   52    | Exp . MINUS Exp
   53    | Exp . STAR Exp
   54    | Exp . DIV Exp
   60    | Exp . LB Exp RB
   61    | Exp . DOT ID

    ASSIGNOP  偏移，并进入状态 84
    RELOP     偏移，并进入状态 85
    PLUS      偏移，并进入状态 86
    MINUS     偏移，并进入状态 87
    STAR      偏移，并进入状态 88
    DIV       偏移，并进入状态 89
    AND       偏移，并进入状态 90
    OR        偏移，并进入状态 91
    DOT       偏移，并进入状态 92
    LB        偏移，并进入状态 93
    SEMI      偏移，并进入状态 99


状态 79

   33 Stmt: IF LP . Exp RP Stmt
   34     | IF LP . Exp RP Stmt ELSE Stmt

    error  偏移，并进入状态 74
    MINUS  偏移，并进入状态 53
    NOT    偏移，并进入状态 54
    LP     偏移，并进入状态 55
    INT    偏移，并进入状态 59
    FLOAT  偏移，并进入状态 60
    ID     偏移，并进入状态 61

    Exp  转到状态 100


状态 80

   35 Stmt: WHILE LP . Exp RP Stmt

    error  偏移，并进入状态 74
    MINUS  偏移，并进入状态 53
    NOT    偏移，并进入状态 54
    LP     偏移，并进入状态 55
    INT    偏移，并进入状态 59
    FLOAT  偏移，并进入状态 60
    ID     偏移，并进入状态 61

    Exp  转到状态 101


状态 81

   58 Exp: ID LP . Args RP
   59    | ID LP . RP

    error  偏移，并进入状态 74
    MINUS  偏移，并进入状态 53
    NOT    偏移，并进入状态 54
    LP     偏移，并进入状态 55
    RP     偏移，并进入状态 102
    INT    偏移，并进入状态 59
    FLOAT  偏移，并进入状态 60
    ID     偏移，并进入状态 61

    Exp   转到状态 103
    Args  转到状态 104


状态 82

   26 CompSt: LC DefList StmtList RC .

    $default  使用规则 26 以归约 (CompSt)


状态 83

   28 StmtList: Stmt StmtList .

    $default  使用规则 28 以归约 (StmtList)


状态 84

   47 Exp: Exp ASSIGNOP . Exp

    error  偏移，并进入状态 74
    MINUS  偏移，并进入状态 53
    NOT    偏移，并进入状态 54
    LP     偏移，并进入状态 55
    INT    偏移，并进入状态 59
    FLOAT  偏移，并进入状态 60
    ID     偏移，并进入状态 61

    Exp  转到状态 105


状态 85

   50 Exp: Exp RELOP . Exp

    error  偏移，并进入状态 74
    MINUS  偏移，并进入状态 53
    NOT    偏移，并进入状态 54
    LP     偏移，并进入状态 55
    INT    偏移，并进入状态 59
    FLOAT  偏移，并进入状态 60
    ID     偏移，并进入状态 61

    Exp  转到状态 106


状态 86

   51 Exp: Exp PLUS . Exp

    error  偏移，并进入状态 74
    MINUS  偏移，并进入状态 53
    NOT    偏移，并进入状态 54
    LP     偏移，并进入状态 55
    INT    偏移，并进入状态 59
    FLOAT  偏移，并进入状态 60
    ID     偏移，并进入状态 61

    Exp  转到状态 107


状态 87

   52 Exp: Exp MINUS . Exp

    error  偏移，并进入状态 74
    MINUS  偏移，并进入状态 53
    NOT    偏移，并进入状态 54
    LP     偏移，并进入状态 55
    INT    偏移，并进入状态 59
    FLOAT  偏移，并进入状态 60
    ID     偏移，并进入状态 61

    Exp  转到状态 108


状态 88

   53 Exp: Exp STAR . Exp

    error  偏移，并进入状态 74
    MINUS  偏移，并进入状态 53
    NOT    偏移，并进入状态 54
    LP     偏移，并进入状态 55
    INT    偏移，并进入状态 59
    FLOAT  偏移，并进入状态 60
    ID     偏移，并进入状态 61

    Exp  转到状态 109


状态 89

   54 Exp: Exp DIV . Exp

    error  偏移，并进入状态 74
    MINUS  偏移，并进入状态 53
    NOT    偏移，并进入状态 54
    LP     偏移，并进入状态 55
    INT    偏移，并进入状态 59
    FLOAT  偏移，并进入状态 60
    ID     偏移，并进入状态 61

    Exp  转到状态 110


状态 90

   48 Exp: Exp AND . Exp

    error  偏移，并进入状态 74
    MINUS  偏移，并进入状态 53
    NOT    偏移，并进入状态 54
    LP     偏移，并进入状态 55
    INT    偏移，并进入状态 59
    FLOAT  偏移，并进入状态 60
    ID     偏移，并进入状态 61

    Exp  转到状态 111


状态 91

   49 Exp: Exp OR . Exp

    error  偏移，并进入状态 74
    MINUS  偏移，并进入状态 53
    NOT    偏移，并进入状态 54
    LP     偏移，并进入状态 55
    INT    偏移，并进入状态 59
    FLOAT  偏移，并进入状态 60
    ID     偏移，并进入状态 61

    Exp  转到状态 112


状态 92

   61 Exp: Exp DOT . ID

    ID  偏移，并进入状态 113


状态 93

   60 Exp: Exp LB . Exp RB

    error  偏移，并进入状态 74
    MINUS  偏移，并进入状态 53
    NOT    偏移，并进入状态 54
    LP     偏移，并进入状态 55
    INT    偏移，并进入状态 59
    FLOAT  偏移，并进入状态 60
    ID     偏移，并进入状态 61

    Exp  转到状态 114


状态 94

   30 Stmt: Exp SEMI .

    $default  使用规则 30 以归约 (Stmt)


状态 95

   46 Dec: VarDec ASSIGNOP error .
   65 Exp: error . RP

    RP  偏移，并进入状态 72

    $default  使用规则 46 以归约 (Dec)


状态 96

   45 Dec: VarDec ASSIGNOP Exp .
   47 Exp: Exp . ASSIGNOP Exp
   48    | Exp . AND Exp
   49    | Exp . OR Exp
   50    | Exp . RELOP Exp
   51    | Exp . PLUS Exp
   52    | Exp . MINUS Exp
   53    | Exp . STAR Exp
   54    | Exp . DIV Exp
   60    | Exp . LB Exp RB
   61    | Exp . DOT ID

    ASSIGNOP  偏移，并进入状态 84
    RELOP     偏移，并进入状态 85
    PLUS      偏移，并进入状态 86
    MINUS     偏移，并进入状态 87
    STAR      偏移，并进入状态 88
    DIV       偏移，并进入状态 89
    AND       偏移，并进入状态 90
    OR        偏移，并进入状态 91
    DOT       偏移，并进入状态 92
    LB        偏移，并进入状态 93

    $default  使用规则 45 以归约 (Dec)


状态 97

   42 DecList: Dec COMMA DecList .

    $default  使用规则 42 以归约 (DecList)


状态 98

   55 Exp: LP Exp RP .

    $default  使用规则 55 以归约 (Exp)


状态 99

   32 Stmt: RETURN Exp SEMI .

    $default  使用规则 32 以归约 (Stmt)


状态 100

   33 Stmt: IF LP Exp . RP Stmt
   34     | IF LP Exp . RP Stmt ELSE Stmt
   47 Exp: Exp . ASSIGNOP Exp
   48    | Exp . AND Exp
   49    | Exp . OR Exp
   50    | Exp . RELOP Exp
   51    | Exp . PLUS Exp
   52    | Exp . MINUS Exp
   53    | Exp . STAR Exp
   54    | Exp . DIV Exp
   60    | Exp . LB Exp RB
   61    | Exp . DOT ID

    ASSIGNOP  偏移，并进入状态 84
    RELOP     偏移，并进入状态 85
    PLUS      偏移，并进入状态 86
    MINUS     偏移，并进入状态 87
    STAR      偏移，并进入状态 88
    DIV       偏移，并进入状态 89
    AND       偏移，并进入状态 90
    OR        偏移，并进入状态 91
    DOT       偏移，并进入状态 92
    RP        偏移，并进入状态 115
    LB        偏移，并进入状态 93


状态 101

   35 Stmt: WHILE LP Exp . RP Stmt
   47 Exp: Exp . ASSIGNOP Exp
   48    | Exp . AND Exp
   49    | Exp . OR Exp
   50    | Exp . RELOP Exp
   51    | Exp . PLUS Exp
   52    | Exp . MINUS Exp
   53    | Exp . STAR Exp
   54    | Exp . DIV Exp
   60    | Exp . LB Exp RB
   61    | Exp . DOT ID

    ASSIGNOP  偏移，并进入状态 84
    RELOP     偏移，并进入状态 85
    PLUS      偏移，并进入状态 86
    MINUS     偏移，并进入状态 87
    STAR      偏移，并进入状态 88
    DIV       偏移，并进入状态 89
    AND       偏移，并进入状态 90
    OR        偏移，并进入状态 91
    DOT       偏移，并进入状态 92
    RP        偏移，并进入状态 116
    LB        偏移，并进入状态 93


状态 102

   59 Exp: ID LP RP .

    $default  使用规则 59 以归约 (Exp)


状态 103

   47 Exp: Exp . ASSIGNOP Exp
   48    | Exp . AND Exp
   49    | Exp . OR Exp
   50    | Exp . RELOP Exp
   51    | Exp . PLUS Exp
   52    | Exp . MINUS Exp
   53    | Exp . STAR Exp
   54    | Exp . DIV Exp
   60    | Exp . LB Exp RB
   61    | Exp . DOT ID
   66 Args: Exp . COMMA Args
   67     | Exp .

    COMMA     偏移，并进入状态 117
    ASSIGNOP  偏移，并进入状态 84
    RELOP     偏移，并进入状态 85
    PLUS      偏移，并进入状态 86
    MINUS     偏移，并进入状态 87
    STAR      偏移，并进入状态 88
    DIV       偏移，并进入状态 89
    AND       偏移，并进入状态 90
    OR        偏移，并进入状态 91
    DOT       偏移，并进入状态 92
    LB        偏移，并进入状态 93

    $default  使用规则 67 以归约 (Args)


状态 104

   58 Exp: ID LP Args . RP

    RP  偏移，并进入状态 118


状态 105

   47 Exp: Exp . ASSIGNOP Exp
   47    | Exp ASSIGNOP Exp .
   48    | Exp . AND Exp
   49    | Exp . OR Exp
   50    | Exp . RELOP Exp
   51    | Exp . PLUS Exp
   52    | Exp . MINUS Exp
   53    | Exp . STAR Exp
   54    | Exp . DIV Exp
   60    | Exp . LB Exp RB
   61    | Exp . DOT ID

    ASSIGNOP  偏移，并进入状态 84
    RELOP     偏移，并进入状态 85
    PLUS      偏移，并进入状态 86
    MINUS     偏移，并进入状态 87
    STAR      偏移，并进入状态 88
    DIV       偏移，并进入状态 89
    AND       偏移，并进入状态 90
    OR        偏移，并进入状态 91
    DOT       偏移，并进入状态 92
    LB        偏移，并进入状态 93

    $default  使用规则 47 以归约 (Exp)


状态 106

   47 Exp: Exp . ASSIGNOP Exp
   48    | Exp . AND Exp
   49    | Exp . OR Exp
   50    | Exp . RELOP Exp
   50    | Exp RELOP Exp .
   51    | Exp . PLUS Exp
   52    | Exp . MINUS Exp
   53    | Exp . STAR Exp
   54    | Exp . DIV Exp
   60    | Exp . LB Exp RB
   61    | Exp . DOT ID

    PLUS   偏移，并进入状态 86
    MINUS  偏移，并进入状态 87
    STAR   偏移，并进入状态 88
    DIV    偏移，并进入状态 89
    DOT    偏移，并进入状态 92
    LB     偏移，并进入状态 93

    $default  使用规则 50 以归约 (Exp)


状态 107

   47 Exp: Exp . ASSIGNOP Exp
   48    | Exp . AND Exp
   49    | Exp . OR Exp
   50    | Exp . RELOP Exp
   51    | Exp . PLUS Exp
   51    | Exp PLUS Exp .
   52    | Exp . MINUS Exp
   53    | Exp . STAR Exp
   54    | Exp . DIV Exp
   60    | Exp . LB Exp RB
   61    | Exp . DOT ID

    STAR  偏移，并进入状态 88
    DIV   偏移，并进入状态 89
    DOT   偏移，并进入状态 92
    LB    偏移，并进入状态 93

    $default  使用规则 51 以归约 (Exp)


状态 108

   47 Exp: Exp . ASSIGNOP Exp
   48    | Exp . AND Exp
   49    | Exp . OR Exp
   50    | Exp . RELOP Exp
   51    | Exp . PLUS Exp
   52    | Exp . MINUS Exp
   52    | Exp MINUS Exp .
   53    | Exp . STAR Exp
   54    | Exp . DIV Exp
   60    | Exp . LB Exp RB
   61    | Exp . DOT ID

    STAR  偏移，并进入状态 88
    DIV   偏移，并进入状态 89
    DOT   偏移，并进入状态 92
    LB    偏移，并进入状态 93

    $default  使用规则 52 以归约 (Exp)


状态 109

   47 Exp: Exp . ASSIGNOP Exp
   48    | Exp . AND Exp
   49    | Exp . OR Exp
   50    | Exp . RELOP Exp
   51    | Exp . PLUS Exp
   52    | Exp . MINUS Exp
   53    | Exp . STAR Exp
   53    | Exp STAR Exp .
   54    | Exp . DIV Exp
   60    | Exp . LB Exp RB
   61    | Exp . DOT ID

    DOT  偏移，并进入状态 92
    LB   偏移，并进入状态 93

    $default  使用规则 53 以归约 (Exp)


状态 110

   47 Exp: Exp . ASSIGNOP Exp
   48    | Exp . AND Exp
   49    | Exp . OR Exp
   50    | Exp . RELOP Exp
   51    | Exp . PLUS Exp
   52    | Exp . MINUS Exp
   53    | Exp . STAR Exp
   54    | Exp . DIV Exp
   54    | Exp DIV Exp .
   60    | Exp . LB Exp RB
   61    | Exp . DOT ID

    DOT  偏移，并进入状态 92
    LB   偏移，并进入状态 93

    $default  使用规则 54 以归约 (Exp)


状态 111

   47 Exp: Exp . ASSIGNOP Exp
   48    | Exp . AND Exp
   48    | Exp AND Exp .
   49    | Exp . OR Exp
   50    | Exp . RELOP Exp
   51    | Exp . PLUS Exp
   52    | Exp . MINUS Exp
   53    | Exp . STAR Exp
   54    | Exp . DIV Exp
   60    | Exp . LB Exp RB
   61    | Exp . DOT ID

    RELOP  偏移，并进入状态 85
    PLUS   偏移，并进入状态 86
    MINUS  偏移，并进入状态 87
    STAR   偏移，并进入状态 88
    DIV    偏移，并进入状态 89
    DOT    偏移，并进入状态 92
    LB     偏移，并进入状态 93

    $default  使用规则 48 以归约 (Exp)


状态 112

   47 Exp: Exp . ASSIGNOP Exp
   48    | Exp . AND Exp
   49    | Exp . OR Exp
   49    | Exp OR Exp .
   50    | Exp . RELOP Exp
   51    | Exp . PLUS Exp
   52    | Exp . MINUS Exp
   53    | Exp . STAR Exp
   54    | Exp . DIV Exp
   60    | Exp . LB Exp RB
   61    | Exp . DOT ID

    RELOP  偏移，并进入状态 85
    PLUS   偏移，并进入状态 86
    MINUS  偏移，并进入状态 87
    STAR   偏移，并进入状态 88
    DIV    偏移，并进入状态 89
    AND    偏移，并进入状态 90
    DOT    偏移，并进入状态 92
    LB     偏移，并进入状态 93

    $default  使用规则 49 以归约 (Exp)


状态 113

   61 Exp: Exp DOT ID .

    $default  使用规则 61 以归约 (Exp)


状态 114

   47 Exp: Exp . ASSIGNOP Exp
   48    | Exp . AND Exp
   49    | Exp . OR Exp
   50    | Exp . RELOP Exp
   51    | Exp . PLUS Exp
   52    | Exp . MINUS Exp
   53    | Exp . STAR Exp
   54    | Exp . DIV Exp
   60    | Exp . LB Exp RB
   60    | Exp LB Exp . RB
   61    | Exp . DOT ID

    ASSIGNOP  偏移，并进入状态 84
    RELOP     偏移，并进入状态 85
    PLUS      偏移，并进入状态 86
    MINUS     偏移，并进入状态 87
    STAR      偏移，并进入状态 88
    DIV       偏移，并进入状态 89
    AND       偏移，并进入状态 90
    OR        偏移，并进入状态 91
    DOT       偏移，并进入状态 92
    LB        偏移，并进入状态 93
    RB        偏移，并进入状态 119


状态 115

   33 Stmt: IF LP Exp RP . Stmt
   34     | IF LP Exp RP . Stmt ELSE Stmt

    error   偏移，并进入状态 52
    MINUS   偏移，并进入状态 53
    NOT     偏移，并进入状态 54
    LP      偏移，并进入状态 55
    LC      偏移，并进入状态 27
    RETURN  偏移，并进入状态 56
    IF      偏移，并进入状态 57
    WHILE   偏移，并进入状态 58
    INT     偏移，并进入状态 59
    FLOAT   偏移，并进入状态 60
    ID      偏移，并进入状态 61

    CompSt  转到状态 62
    Stmt    转到状态 120
    Exp     转到状态 65


状态 116

   35 Stmt: WHILE LP Exp RP . Stmt

    error   偏移，并进入状态 52
    MINUS   偏移，并进入状态 53
    NOT     偏移，并进入状态 54
    LP      偏移，并进入状态 55
    LC      偏移，并进入状态 27
    RETURN  偏移，并进入状态 56
    IF      偏移，并进入状态 57
    WHILE   偏移，并进入状态 58
    INT     偏移，并进入状态 59
    FLOAT   偏移，并进入状态 60
    ID      偏移，并进入状态 61

    CompSt  转到状态 62
    Stmt    转到状态 121
    Exp     转到状态 65


状态 117

   66 Args: Exp COMMA . Args

    error  偏移，并进入状态 74
    MINUS  偏移，并进入状态 53
    NOT    偏移，并进入状态 54
    LP     偏移，并进入状态 55
    INT    偏移，并进入状态 59
    FLOAT  偏移，并进入状态 60
    ID     偏移，并进入状态 61

    Exp   转到状态 103
    Args  转到状态 122


状态 118

   58 Exp: ID LP Args RP .

    $default  使用规则 58 以归约 (Exp)


状态 119

   60 Exp: Exp LB Exp RB .

    $default  使用规则 60 以归约 (Exp)


状态 120

   33 Stmt: IF LP Exp RP Stmt .
   34     | IF LP Exp RP Stmt . ELSE Stmt

    ELSE  偏移，并进入状态 123

    $default  使用规则 33 以归约 (Stmt)


状态 121

   35 Stmt: WHILE LP Exp RP Stmt .

    $default  使用规则 35 以归约 (Stmt)


状态 122

   66 Args: Exp COMMA Args .

    $default  使用规则 66 以归约 (Args)


状态 123

   34 Stmt: IF LP Exp RP Stmt ELSE . Stmt

    error   偏移，并进入状态 52
    MINUS   偏移，并进入状态 53
    NOT     偏移，并进入状态 54
    LP      偏移，并进入状态 55
    LC      偏移，并进入状态 27
    RETURN  偏移，并进入状态 56
    IF      偏移，并进入状态 57
    WHILE   偏移，并进入状态 58
    INT     偏移，并进入状态 59
    FLOAT   偏移，并进入状态 60
    ID      偏移，并进入状态 61

    CompSt  转到状态 62
    Stmt    转到状态 124
    Exp     转到状态 65


状态 124

   34 Stmt: IF LP Exp RP Stmt ELSE Stmt .

    $default  使用规则 34 以归约 (Stmt)
